MultiPing/build/intermediates/manifest_merge_blame_file/release/manifest-merger-blame-release-report.txt
1<?xml version="1.0" encoding="utf-8"?>
2<manifest xmlns:android="http://schemas.android.com/apk/res/android"
3    package="kr.softgear.multiping"
4    android:versionCode="2"
5    android:versionName="1.1" >
6
7    <uses-sdk
8        android:minSdkVersion="29"
8-->src\main\AndroidManifest.xml
9        android:targetSdkVersion="32" />
9-->src\main\AndroidManifest.xml
10
11    <uses-permission android:name="android.permission.INTERNET" />
11-->src\main\AndroidManifest.xml:5:5-67
11-->src\main\AndroidManifest.xml:5:22-64
12
13    <application
13-->src\main\AndroidManifest.xml:7:5-16:19
14        android:extractNativeLibs="false"
15        android:icon="@drawable/icon"
15-->src\main\AndroidManifest.xml:7:18-47
16        android:label="@string/app_name" >
16-->src\main\AndroidManifest.xml:7:48-80
17        <activity
17-->src\main\AndroidManifest.xml:8:9-15:20
18            android:name="kr.softgear.multiping.MultiPing"
18-->src\main\AndroidManifest.xml:8:19-44
19            android:exported="true"
19-->src\main\AndroidManifest.xml:10:13-36
20            android:label="@string/app_name" >
20-->src\main\AndroidManifest.xml:9:19-51
21            <intent-filter>
21-->src\main\AndroidManifest.xml:11:13-14:29
22                <action android:name="android.intent.action.MAIN" />
22-->src\main\AndroidManifest.xml:12:17-69
22-->src\main\AndroidManifest.xml:12:25-66
23
24                <category android:name="android.intent.category.LAUNCHER" />
24-->src\main\AndroidManifest.xml:13:17-77
24-->src\main\AndroidManifest.xml:13:27-74
25            </intent-filter>
26        </activity>
27    </application>
28
29</manifest>